<?xml version="1.0" encoding="UTF-8"?>
<!-- Generated by org.testng.reporters.JUnitReportReporter -->
<testsuite hostname="IFOCUS-LT85" failures="0" tests="1" name="com.testserver.testRunner.Sanity.UserRunner" time="17.156" errors="0" timestamp="2025-02-18T16:53:10 IST" skipped="0">
  <testcase classname="com.testserver.testRunner.Sanity.UserRunner" name="runScenario" time="17.156"/>
  <system-out/>
</testsuite> <!-- com.testserver.testRunner.Sanity.UserRunner -->
