<?xml version="1.0" encoding="UTF-8"?>
<!-- Generated by org.testng.reporters.JUnitReportReporter -->
<testsuite hostname="IFOCUS-LT85" failures="0" tests="1" name="com.testserver.testRunner.Sanity.Profile" time="23.745" errors="0" timestamp="2025-02-18T17:04:59 IST" skipped="0">
  <testcase classname="com.testserver.testRunner.Sanity.Profile" name="runScenario" time="23.745"/>
  <system-out/>
</testsuite> <!-- com.testserver.testRunner.Sanity.Profile -->
