<?xml version="1.0" encoding="UTF-8"?>
<!-- Generated by org.testng.reporters.JUnitReportReporter -->
<testsuite hostname="IFOCUS-LT85" failures="0" tests="1" name="com.testserver.testRunner.Sanity.CompanyTestRunnerclass" time="9.344" errors="1" timestamp="2025-01-31T14:27:31 IST" skipped="0">
  <testcase classname="com.testserver.testRunner.Sanity.CompanyTestRunnerclass" name="runScenario" time="9.344">
    <error type="java.lang.NullPointerException">
      <![CDATA[java.lang.NullPointerException
at com.testserve.utils.RepositoryUtils.getObjectInfo(RepositoryUtils.java:46)
at com.testserve.utils.RepositoryUtils.getBy(RepositoryUtils.java:80)
at com.testserve.pages.companyxpath.<init>(companyxpath.java:19)
at com.testserve.sanity.stepDefination.companypageStepdefination.setUp(companypageStepdefination.java:50)
]]>
    </error>
  </testcase> <!-- runScenario -->
  <system-out/>
</testsuite> <!-- com.testserver.testRunner.Sanity.CompanyTestRunnerclass -->
