<?xml version="1.0" encoding="UTF-8"?>
<!-- Generated by org.testng.reporters.JUnitReportReporter -->
<testsuite hostname="IFOCUS-LT85" failures="0" tests="1" name="com.testserv.testRunner.Smoke.APIrunReport" time="225.424" errors="0" timestamp="2025-02-20T11:03:13 IST" skipped="0">
  <testcase classname="com.testserv.testRunner.Smoke.APIrunReport" name="runScenario" time="225.424"/>
  <system-out/>
</testsuite> <!-- com.testserv.testRunner.Smoke.APIrunReport -->
