<?xml version="1.0" encoding="UTF-8"?>
<!-- Generated by org.testng.reporters.JUnitReportReporter -->
<testsuite hostname="IFOCUS-LT85" failures="0" tests="1" name="com.testserver.testRunner.Sanity.APIRunReport" time="1378.892" errors="0" timestamp="2025-02-13T14:39:11 IST" skipped="0">
  <testcase classname="com.testserver.testRunner.Sanity.APIRunReport" name="runScenario" time="1378.892"/>
  <system-out/>
</testsuite> <!-- com.testserver.testRunner.Sanity.APIRunReport -->
