<?xml version="1.0" encoding="UTF-8"?>
<!-- Generated by org.testng.reporters.JUnitReportReporter -->
<testsuite hostname="IFOCUS-LT85" failures="0" tests="1" name="com.testserv.testRunner.Smoke.ProjectRunner" time="20.247" errors="0" timestamp="2025-02-19T15:55:16 IST" skipped="0">
  <testcase classname="com.testserv.testRunner.Smoke.ProjectRunner" name="runScenario" time="20.247"/>
  <system-out/>
</testsuite> <!-- com.testserv.testRunner.Smoke.ProjectRunner -->
