<?xml version="1.0" encoding="UTF-8"?>
<!-- Generated by org.testng.reporters.JUnitReportReporter -->
<testsuite hostname="IFOCUS-LT85" failures="0" tests="1" name="com.testserver.testRunner.Sanity.ModulePage" time="20.970" errors="0" timestamp="2025-02-17T16:25:47 IST" skipped="0">
  <testcase classname="com.testserver.testRunner.Sanity.ModulePage" name="runScenario" time="20.970"/>
  <system-out/>
</testsuite> <!-- com.testserver.testRunner.Sanity.ModulePage -->
