<?xml version="1.0" encoding="UTF-8"?>
<!-- Generated by org.testng.reporters.JUnitReportReporter -->
<testsuite hostname="IFOCUS-LT85" failures="0" tests="1" name="com.testserver.testRunner.Sanity.ProjectTestRunner" time="12.449" errors="0" timestamp="2025-02-18T17:29:39 IST" skipped="0">
  <testcase classname="com.testserver.testRunner.Sanity.ProjectTestRunner" name="runScenario" time="12.449"/>
  <system-out/>
</testsuite> <!-- com.testserver.testRunner.Sanity.ProjectTestRunner -->
