<?xml version="1.0" encoding="UTF-8"?>
<!-- Generated by org.testng.reporters.JUnitReportReporter -->
<testsuite hostname="IFOCUS-LT85" failures="0" tests="1" name="com.testserv.testRunner.Smoke.CompanyRunner" time="47.173" errors="0" timestamp="2025-02-18T16:30:30 IST" skipped="0">
  <testcase classname="com.testserv.testRunner.Smoke.CompanyRunner" name="runScenario" time="47.173"/>
  <system-out/>
</testsuite> <!-- com.testserv.testRunner.Smoke.CompanyRunner -->
