<?xml version="1.0" encoding="UTF-8"?>
<!-- Generated by org.testng.reporters.JUnitReportReporter -->
<testsuite hostname="IFOCUS-LT85" failures="0" tests="1" name="com.testserv.testRunner.Smoke.CreditRunnerClass" time="27.394" errors="0" timestamp="2025-02-20T12:12:20 IST" skipped="0">
  <testcase classname="com.testserv.testRunner.Smoke.CreditRunnerClass" name="runScenario" time="27.394"/>
  <system-out/>
</testsuite> <!-- com.testserv.testRunner.Smoke.CreditRunnerClass -->
