<?xml version="1.0" encoding="UTF-8"?>
<!-- Generated by org.testng.reporters.JUnitReportReporter -->
<testsuite hostname="IFOCUS-LT85" failures="0" tests="1" name="com.testserv.testRunner.Smoke.UserRunner" time="22.305" errors="0" timestamp="2025-02-19T11:42:42 IST" skipped="0">
  <testcase classname="com.testserv.testRunner.Smoke.UserRunner" name="runScenario" time="22.305"/>
  <system-out/>
</testsuite> <!-- com.testserv.testRunner.Smoke.UserRunner -->
