<?xml version="1.0" encoding="UTF-8"?>
<!-- Generated by org.testng.reporters.JUnitReportReporter -->
<testsuite hostname="IFOCUS-LT85" failures="0" tests="1" name="com.testserver.testRunner.Sanity.FeedBackRunner" time="19.834" errors="0" timestamp="2025-02-14T14:33:54 IST" skipped="0">
  <testcase classname="com.testserver.testRunner.Sanity.FeedBackRunner" name="runScenario" time="19.834"/>
  <system-out/>
</testsuite> <!-- com.testserver.testRunner.Sanity.FeedBackRunner -->
