<?xml version="1.0" encoding="UTF-8"?>
<!-- Generated by org.testng.reporters.JUnitReportReporter -->
<testsuite hostname="IFOCUS-LT85" failures="0" tests="1" name="com.testserv.testRunner.Smoke.LoginRunner" time="33.633" errors="0" timestamp="2025-02-18T16:19:28 IST" skipped="0">
  <testcase classname="com.testserv.testRunner.Smoke.LoginRunner" name="runScenario" time="33.633"/>
  <system-out/>
</testsuite> <!-- com.testserv.testRunner.Smoke.LoginRunner -->
