<?xml version="1.0" encoding="UTF-8"?>
<!-- Generated by org.testng.reporters.JUnitReportReporter -->
<testsuite hostname="IFOCUS-LT85" failures="0" tests="1" name="com.testserv.testRunner.Smoke.DocumentationRunnerclass" time="32.450" errors="0" timestamp="2025-02-18T17:39:39 IST" skipped="0">
  <testcase classname="com.testserv.testRunner.Smoke.DocumentationRunnerclass" name="runScenario" time="32.450"/>
  <system-out/>
</testsuite> <!-- com.testserv.testRunner.Smoke.DocumentationRunnerclass -->
