<?xml version="1.0" encoding="UTF-8"?>
<!-- Generated by org.testng.reporters.JUnitReportReporter -->
<testsuite hostname="IFOCUS-LT85" failures="0" tests="1" name="com.testserver.testRunner.Sanity.DocumentationRunner" time="27.160" errors="0" timestamp="2025-02-12T17:22:16 IST" skipped="0">
  <testcase classname="com.testserver.testRunner.Sanity.DocumentationRunner" name="runScenario" time="27.160"/>
  <system-out/>
</testsuite> <!-- com.testserver.testRunner.Sanity.DocumentationRunner -->
