<?xml version="1.0" encoding="UTF-8"?>
<!-- Generated by org.testng.reporters.JUnitReportReporter -->
<testsuite hostname="IFOCUS-LT85" failures="0" tests="1" name="com.testserv.testRunner.Smoke.ProfileUserInfo" time="21.290" errors="0" timestamp="2025-02-19T11:31:56 IST" skipped="0">
  <testcase classname="com.testserv.testRunner.Smoke.ProfileUserInfo" name="runScenario" time="21.290"/>
  <system-out/>
</testsuite> <!-- com.testserv.testRunner.Smoke.ProfileUserInfo -->
