<?xml version="1.0" encoding="UTF-8"?>
<!-- Generated by org.testng.reporters.JUnitReportReporter -->
<testsuite hostname="IFOCUS-LT85" failures="0" tests="1" name="com.testserver.testRunner.Sanity.LoginPage_TestRunner" time="32.175" errors="0" timestamp="2025-02-18T16:02:19 IST" skipped="0">
  <testcase classname="com.testserver.testRunner.Sanity.LoginPage_TestRunner" name="runScenario" time="32.175"/>
  <system-out/>
</testsuite> <!-- com.testserver.testRunner.Sanity.LoginPage_TestRunner -->
