<?xml version="1.0" encoding="UTF-8"?>
<!-- Generated by org.testng.reporters.JUnitReportReporter -->
<testsuite hostname="IFOCUS-LT85" failures="0" tests="1" name="com.testserver.testRunner.Sanity.CompanyTestRunner" time="44.502" errors="0" timestamp="2025-02-18T16:35:32 IST" skipped="0">
  <testcase classname="com.testserver.testRunner.Sanity.CompanyTestRunner" name="runScenario" time="44.502"/>
  <system-out/>
</testsuite> <!-- com.testserver.testRunner.Sanity.CompanyTestRunner -->
